d:\32practice3final__dds_touch_game\thethirdpractice\visualgdb\debug\thesecondpractice
d:\32practice3final__dds_touch_game\thethirdpractice\visualgdb\debug\9834.o
d:\32practice3final__dds_touch_game\thethirdpractice\visualgdb\debug\adc.o
d:\32practice3final__dds_touch_game\thethirdpractice\visualgdb\debug\delay.o
d:\32practice3final__dds_touch_game\thethirdpractice\visualgdb\debug\dma.o
d:\32practice3final__dds_touch_game\thethirdpractice\visualgdb\debug\fsmc.o
d:\32practice3final__dds_touch_game\thethirdpractice\visualgdb\debug\game.o
d:\32practice3final__dds_touch_game\thethirdpractice\visualgdb\debug\gpio.o
d:\32practice3final__dds_touch_game\thethirdpractice\visualgdb\debug\ili9341.o
d:\32practice3final__dds_touch_game\thethirdpractice\visualgdb\debug\main.o
d:\32practice3final__dds_touch_game\thethirdpractice\visualgdb\debug\race_car.o
d:\32practice3final__dds_touch_game\thethirdpractice\visualgdb\debug\startup_stm32f407xx.o
d:\32practice3final__dds_touch_game\thethirdpractice\visualgdb\debug\stm32f4xx_hal.o
d:\32practice3final__dds_touch_game\thethirdpractice\visualgdb\debug\stm32f4xx_hal_adc.o
d:\32practice3final__dds_touch_game\thethirdpractice\visualgdb\debug\stm32f4xx_hal_adc_ex.o
d:\32practice3final__dds_touch_game\thethirdpractice\visualgdb\debug\stm32f4xx_hal_cortex.o
d:\32practice3final__dds_touch_game\thethirdpractice\visualgdb\debug\stm32f4xx_hal_dma.o
d:\32practice3final__dds_touch_game\thethirdpractice\visualgdb\debug\stm32f4xx_hal_dma_ex.o
d:\32practice3final__dds_touch_game\thethirdpractice\visualgdb\debug\stm32f4xx_hal_exti.o
d:\32practice3final__dds_touch_game\thethirdpractice\visualgdb\debug\stm32f4xx_hal_flash.o
d:\32practice3final__dds_touch_game\thethirdpractice\visualgdb\debug\stm32f4xx_hal_flash_ex.o
d:\32practice3final__dds_touch_game\thethirdpractice\visualgdb\debug\stm32f4xx_hal_flash_ramfunc.o
d:\32practice3final__dds_touch_game\thethirdpractice\visualgdb\debug\stm32f4xx_hal_gpio.o
d:\32practice3final__dds_touch_game\thethirdpractice\visualgdb\debug\stm32f4xx_hal_msp.o
d:\32practice3final__dds_touch_game\thethirdpractice\visualgdb\debug\stm32f4xx_hal_pwr.o
d:\32practice3final__dds_touch_game\thethirdpractice\visualgdb\debug\stm32f4xx_hal_pwr_ex.o
d:\32practice3final__dds_touch_game\thethirdpractice\visualgdb\debug\stm32f4xx_hal_rcc.o
d:\32practice3final__dds_touch_game\thethirdpractice\visualgdb\debug\stm32f4xx_hal_rcc_ex.o
d:\32practice3final__dds_touch_game\thethirdpractice\visualgdb\debug\stm32f4xx_hal_sram.o
d:\32practice3final__dds_touch_game\thethirdpractice\visualgdb\debug\stm32f4xx_hal_tim.o
d:\32practice3final__dds_touch_game\thethirdpractice\visualgdb\debug\stm32f4xx_hal_tim_ex.o
d:\32practice3final__dds_touch_game\thethirdpractice\visualgdb\debug\stm32f4xx_it.o
d:\32practice3final__dds_touch_game\thethirdpractice\visualgdb\debug\stm32f4xx_ll_fsmc.o
d:\32practice3final__dds_touch_game\thethirdpractice\visualgdb\debug\system_stm32f4xx.o
d:\32practice3final__dds_touch_game\thethirdpractice\visualgdb\debug\tim.o
d:\32practice3final__dds_touch_game\thethirdpractice\visualgdb\debug\xpt2046.o
d:\32practice3final__dds_touch_game\thethirdpractice\visualgdb\debug\9834.dep
d:\32practice3final__dds_touch_game\thethirdpractice\visualgdb\debug\adc.dep
d:\32practice3final__dds_touch_game\thethirdpractice\visualgdb\debug\delay.dep
d:\32practice3final__dds_touch_game\thethirdpractice\visualgdb\debug\dma.dep
d:\32practice3final__dds_touch_game\thethirdpractice\visualgdb\debug\fsmc.dep
d:\32practice3final__dds_touch_game\thethirdpractice\visualgdb\debug\game.dep
d:\32practice3final__dds_touch_game\thethirdpractice\visualgdb\debug\gpio.dep
d:\32practice3final__dds_touch_game\thethirdpractice\visualgdb\debug\ili9341.dep
d:\32practice3final__dds_touch_game\thethirdpractice\visualgdb\debug\main.dep
d:\32practice3final__dds_touch_game\thethirdpractice\visualgdb\debug\race_car.dep
d:\32practice3final__dds_touch_game\thethirdpractice\visualgdb\debug\startup_stm32f407xx.dep
d:\32practice3final__dds_touch_game\thethirdpractice\visualgdb\debug\stm32f4xx_hal.dep
d:\32practice3final__dds_touch_game\thethirdpractice\visualgdb\debug\stm32f4xx_hal_adc.dep
d:\32practice3final__dds_touch_game\thethirdpractice\visualgdb\debug\stm32f4xx_hal_adc_ex.dep
d:\32practice3final__dds_touch_game\thethirdpractice\visualgdb\debug\stm32f4xx_hal_cortex.dep
d:\32practice3final__dds_touch_game\thethirdpractice\visualgdb\debug\stm32f4xx_hal_dma.dep
d:\32practice3final__dds_touch_game\thethirdpractice\visualgdb\debug\stm32f4xx_hal_dma_ex.dep
d:\32practice3final__dds_touch_game\thethirdpractice\visualgdb\debug\stm32f4xx_hal_exti.dep
d:\32practice3final__dds_touch_game\thethirdpractice\visualgdb\debug\stm32f4xx_hal_flash.dep
d:\32practice3final__dds_touch_game\thethirdpractice\visualgdb\debug\stm32f4xx_hal_flash_ex.dep
d:\32practice3final__dds_touch_game\thethirdpractice\visualgdb\debug\stm32f4xx_hal_flash_ramfunc.dep
d:\32practice3final__dds_touch_game\thethirdpractice\visualgdb\debug\stm32f4xx_hal_gpio.dep
d:\32practice3final__dds_touch_game\thethirdpractice\visualgdb\debug\stm32f4xx_hal_msp.dep
d:\32practice3final__dds_touch_game\thethirdpractice\visualgdb\debug\stm32f4xx_hal_pwr.dep
d:\32practice3final__dds_touch_game\thethirdpractice\visualgdb\debug\stm32f4xx_hal_pwr_ex.dep
d:\32practice3final__dds_touch_game\thethirdpractice\visualgdb\debug\stm32f4xx_hal_rcc.dep
d:\32practice3final__dds_touch_game\thethirdpractice\visualgdb\debug\stm32f4xx_hal_rcc_ex.dep
d:\32practice3final__dds_touch_game\thethirdpractice\visualgdb\debug\stm32f4xx_hal_sram.dep
d:\32practice3final__dds_touch_game\thethirdpractice\visualgdb\debug\stm32f4xx_hal_tim.dep
d:\32practice3final__dds_touch_game\thethirdpractice\visualgdb\debug\stm32f4xx_hal_tim_ex.dep
d:\32practice3final__dds_touch_game\thethirdpractice\visualgdb\debug\stm32f4xx_it.dep
d:\32practice3final__dds_touch_game\thethirdpractice\visualgdb\debug\stm32f4xx_ll_fsmc.dep
d:\32practice3final__dds_touch_game\thethirdpractice\visualgdb\debug\system_stm32f4xx.dep
d:\32practice3final__dds_touch_game\thethirdpractice\visualgdb\debug\tim.dep
d:\32practice3final__dds_touch_game\thethirdpractice\visualgdb\debug\xpt2046.dep
d:\32practice3final__dds_touch_game\thethirdpractice\visualgdb\debug\9834.gcc.rsp
d:\32practice3final__dds_touch_game\thethirdpractice\visualgdb\debug\adc.gcc.rsp
d:\32practice3final__dds_touch_game\thethirdpractice\visualgdb\debug\delay.gcc.rsp
d:\32practice3final__dds_touch_game\thethirdpractice\visualgdb\debug\dma.gcc.rsp
d:\32practice3final__dds_touch_game\thethirdpractice\visualgdb\debug\fsmc.gcc.rsp
d:\32practice3final__dds_touch_game\thethirdpractice\visualgdb\debug\game.gcc.rsp
d:\32practice3final__dds_touch_game\thethirdpractice\visualgdb\debug\gpio.gcc.rsp
d:\32practice3final__dds_touch_game\thethirdpractice\visualgdb\debug\ili9341.gcc.rsp
d:\32practice3final__dds_touch_game\thethirdpractice\visualgdb\debug\main.gcc.rsp
d:\32practice3final__dds_touch_game\thethirdpractice\visualgdb\debug\race_car.gcc.rsp
d:\32practice3final__dds_touch_game\thethirdpractice\visualgdb\debug\startup_stm32f407xx.gcc.rsp
d:\32practice3final__dds_touch_game\thethirdpractice\visualgdb\debug\stm32f4xx_hal.gcc.rsp
d:\32practice3final__dds_touch_game\thethirdpractice\visualgdb\debug\stm32f4xx_hal_adc.gcc.rsp
d:\32practice3final__dds_touch_game\thethirdpractice\visualgdb\debug\stm32f4xx_hal_adc_ex.gcc.rsp
d:\32practice3final__dds_touch_game\thethirdpractice\visualgdb\debug\stm32f4xx_hal_cortex.gcc.rsp
d:\32practice3final__dds_touch_game\thethirdpractice\visualgdb\debug\stm32f4xx_hal_dma.gcc.rsp
d:\32practice3final__dds_touch_game\thethirdpractice\visualgdb\debug\stm32f4xx_hal_dma_ex.gcc.rsp
d:\32practice3final__dds_touch_game\thethirdpractice\visualgdb\debug\stm32f4xx_hal_exti.gcc.rsp
d:\32practice3final__dds_touch_game\thethirdpractice\visualgdb\debug\stm32f4xx_hal_flash.gcc.rsp
d:\32practice3final__dds_touch_game\thethirdpractice\visualgdb\debug\stm32f4xx_hal_flash_ex.gcc.rsp
d:\32practice3final__dds_touch_game\thethirdpractice\visualgdb\debug\stm32f4xx_hal_flash_ramfunc.gcc.rsp
d:\32practice3final__dds_touch_game\thethirdpractice\visualgdb\debug\stm32f4xx_hal_gpio.gcc.rsp
d:\32practice3final__dds_touch_game\thethirdpractice\visualgdb\debug\stm32f4xx_hal_msp.gcc.rsp
d:\32practice3final__dds_touch_game\thethirdpractice\visualgdb\debug\stm32f4xx_hal_pwr.gcc.rsp
d:\32practice3final__dds_touch_game\thethirdpractice\visualgdb\debug\stm32f4xx_hal_pwr_ex.gcc.rsp
d:\32practice3final__dds_touch_game\thethirdpractice\visualgdb\debug\stm32f4xx_hal_rcc.gcc.rsp
d:\32practice3final__dds_touch_game\thethirdpractice\visualgdb\debug\stm32f4xx_hal_rcc_ex.gcc.rsp
d:\32practice3final__dds_touch_game\thethirdpractice\visualgdb\debug\stm32f4xx_hal_sram.gcc.rsp
d:\32practice3final__dds_touch_game\thethirdpractice\visualgdb\debug\stm32f4xx_hal_tim.gcc.rsp
d:\32practice3final__dds_touch_game\thethirdpractice\visualgdb\debug\stm32f4xx_hal_tim_ex.gcc.rsp
d:\32practice3final__dds_touch_game\thethirdpractice\visualgdb\debug\stm32f4xx_it.gcc.rsp
d:\32practice3final__dds_touch_game\thethirdpractice\visualgdb\debug\stm32f4xx_ll_fsmc.gcc.rsp
d:\32practice3final__dds_touch_game\thethirdpractice\visualgdb\debug\system_stm32f4xx.gcc.rsp
d:\32practice3final__dds_touch_game\thethirdpractice\visualgdb\debug\thesecondpractice.link.rsp
d:\32practice3final__dds_touch_game\thethirdpractice\visualgdb\debug\thesecondpractice.mkbin.rsp
d:\32practice3final__dds_touch_game\thethirdpractice\visualgdb\debug\tim.gcc.rsp
d:\32practice3final__dds_touch_game\thethirdpractice\visualgdb\debug\xpt2046.gcc.rsp
d:\32practice3final__dds_touch_game\thethirdpractice\visualgdb\debug\thesecondpractice.bin
d:\32practice3final__dds_touch_game\thethirdpractice\visualgdb\debug\thesecondpractice.alldeps
